{"uid":"b5f5f8fcc004bdc7","name":"goToPage","fullName":"com.google.tests.BaseTest.goToPage","historyId":"1bd7fab8c5188cd37b8366b3af938695","time":{"start":1713540895771,"stop":1713540895773,"duration":2},"status":"broken","statusMessage":"Failed to create folder '/1713540895659_2154_26'","statusTrace":"java.lang.IllegalArgumentException: Failed to create folder '/1713540895659_2154_26'\n\tat com.codeborne.selenide.impl.FileHelper.ensureFolderExists(FileHelper.java:50)\n\tat com.codeborne.selenide.drivercommands.CreateDriverCommand.lambda$createDriver$0(CreateDriverCommand.java:69)\n\tat com.codeborne.selenide.logevents.SelenideLogger.wrap(SelenideLogger.java:133)\n\tat com.codeborne.selenide.logevents.SelenideLogger.get(SelenideLogger.java:113)\n\tat com.codeborne.selenide.drivercommands.CreateDriverCommand.createDriver(CreateDriverCommand.java:48)\n\tat com.codeborne.selenide.impl.WebDriverThreadLocalContainer.createDriver(WebDriverThreadLocalContainer.java:189)\n\tat com.codeborne.selenide.impl.WebDriverThreadLocalContainer.createAndRegisterDriver(WebDriverThreadLocalContainer.java:174)\n\tat com.codeborne.selenide.impl.WebDriverThreadLocalContainer.getAndCheckWebDriver(WebDriverThreadLocalContainer.java:136)\n\tat com.codeborne.selenide.WebDriverRunner.getAndCheckWebDriver(WebDriverRunner.java:113)\n\tat com.codeborne.selenide.impl.StaticDriver.getAndCheckWebDriver(StaticDriver.java:65)\n\tat com.codeborne.selenide.SelenideDriver.getAndCheckWebDriver(SelenideDriver.java:213)\n\tat com.codeborne.selenide.drivercommands.Navigator.lambda$navigateTo$0(Navigator.java:70)\n\tat com.codeborne.selenide.logevents.SelenideLogger.lambda$run$0(SelenideLogger.java:105)\n\tat com.codeborne.selenide.logevents.SelenideLogger.wrap(SelenideLogger.java:133)\n\tat com.codeborne.selenide.logevents.SelenideLogger.run(SelenideLogger.java:104)\n\tat com.codeborne.selenide.drivercommands.Navigator.navigateTo(Navigator.java:68)\n\tat com.codeborne.selenide.drivercommands.Navigator.open(Navigator.java:31)\n\tat com.codeborne.selenide.SelenideDriver.open(SelenideDriver.java:92)\n\tat com.codeborne.selenide.Selenide.open(Selenide.java:53)\n\tat com.google.tests.BaseTest.goToPage(BaseTest.java:36)\n\tat java.base/jdk.internal.reflect.DirectMethodHandleAccessor.invoke(DirectMethodHandleAccessor.java:103)\n\tat java.base/java.lang.reflect.Method.invoke(Method.java:580)\n\tat org.testng.internal.invokers.MethodInvocationHelper.invokeMethod(MethodInvocationHelper.java:139)\n\tat org.testng.internal.invokers.MethodInvocationHelper.invokeMethodConsideringTimeout(MethodInvocationHelper.java:69)\n\tat org.testng.internal.invokers.ConfigInvoker.invokeConfigurationMethod(ConfigInvoker.java:361)\n\tat org.testng.internal.invokers.ConfigInvoker.invokeConfigurations(ConfigInvoker.java:296)\n\tat org.testng.internal.invokers.TestInvoker.runConfigMethods(TestInvoker.java:823)\n\tat org.testng.internal.invokers.TestInvoker.invokeMethod(TestInvoker.java:590)\n\tat org.testng.internal.invokers.TestInvoker.invokeTestMethod(TestInvoker.java:221)\n\tat org.testng.internal.invokers.MethodRunner.runInSequence(MethodRunner.java:50)\n\tat org.testng.internal.invokers.TestInvoker$MethodInvocationAgent.invoke(TestInvoker.java:969)\n\tat org.testng.internal.invokers.TestInvoker.invokeTestMethods(TestInvoker.java:194)\n\tat org.testng.internal.invokers.TestMethodWorker.invokeTestMethods(TestMethodWorker.java:148)\n\tat org.testng.internal.invokers.TestMethodWorker.run(TestMethodWorker.java:128)\n\tat java.base/java.util.ArrayList.forEach(ArrayList.java:1596)\n\tat org.testng.TestRunner.privateRun(TestRunner.java:829)\n\tat org.testng.TestRunner.run(TestRunner.java:602)\n\tat org.testng.SuiteRunner.runTest(SuiteRunner.java:437)\n\tat org.testng.SuiteRunner$SuiteWorker.run(SuiteRunner.java:475)\n\tat org.testng.internal.thread.ThreadUtil.lambda$execute$0(ThreadUtil.java:58)\n\tat java.base/java.util.concurrent.FutureTask.run(FutureTask.java:317)\n\tat java.base/java.util.concurrent.ThreadPoolExecutor.runWorker(ThreadPoolExecutor.java:1144)\n\tat java.base/java.util.concurrent.ThreadPoolExecutor$Worker.run(ThreadPoolExecutor.java:642)\n\tat java.base/java.lang.Thread.run(Thread.java:1583)\nCaused by: java.nio.file.AccessDeniedException: /1713540895659_2154_26\n\tat java.base/sun.nio.fs.UnixException.translateToIOException(UnixException.java:90)\n\tat java.base/sun.nio.fs.UnixException.rethrowAsIOException(UnixException.java:106)\n\tat java.base/sun.nio.fs.UnixException.rethrowAsIOException(UnixException.java:111)\n\tat java.base/sun.nio.fs.UnixFileSystemProvider.createDirectory(UnixFileSystemProvider.java:438)\n\tat java.base/java.nio.file.Files.createDirectory(Files.java:699)\n\tat java.base/java.nio.file.Files.createAndCheckIsDirectory(Files.java:807)\n\tat java.base/java.nio.file.Files.createDirectories(Files.java:793)\n\tat com.codeborne.selenide.impl.FileHelper.ensureFolderExists(FileHelper.java:48)\n\t... 43 more\n","flaky":false,"newFailed":false,"newBroken":false,"newPassed":false,"retriesCount":0,"retriesStatusChange":false,"beforeStages":[{"name":"setUp","time":{"start":1713540895538,"stop":1713540895565,"duration":27},"description":"","status":"passed","steps":[],"attachments":[],"parameters":[],"shouldDisplayMessage":false,"stepsCount":0,"attachmentsCount":0,"hasContent":false,"attachmentStep":false}],"afterStages":[],"labels":[{"name":"package","value":"com.google.tests.N_0001_SearchResultsClickingSearchButtonUnderSearchFieldTest"},{"name":"testClass","value":"com.google.tests.N_0001_SearchResultsClickingSearchButtonUnderSearchFieldTest"},{"name":"testMethod","value":"goToPage"},{"name":"parentSuite","value":"Suite Run"},{"name":"suite","value":"Test Run"},{"name":"subSuite","value":"com.google.tests.N_0001_SearchResultsClickingSearchButtonUnderSearchFieldTest"},{"name":"host","value":"fv-az1153-589"},{"name":"thread","value":"2154@fv-az1153-589.TestNG-tests-1(26)"},{"name":"framework","value":"testng"},{"name":"language","value":"java"},{"name":"AS_ID","value":"-1"},{"name":"resultFormat","value":"allure2"}],"parameters":[{"name":"browser","value":"chrome"}],"links":[],"hidden":false,"retry":false,"extra":{"severity":"normal","retries":[],"categories":[{"name":"Test defects","matchedStatuses":[],"flaky":false}],"history":{"statistic":{"failed":0,"broken":3,"skipped":0,"passed":0,"unknown":0,"total":3},"items":[{"uid":"c12197876306905c","reportUrl":"https://OlehVelmyk.github.io/GoogleSearchSelenideGitHubActions/49//#testresult/c12197876306905c","status":"broken","statusDetails":"Failed to create folder '/1711642887067_2359_26'","time":{"start":1711642887226,"stop":1711642887228,"duration":2}},{"uid":"93ec7027848f6b8a","reportUrl":"https://OlehVelmyk.github.io/GoogleSearchSelenideGitHubActions/48//#testresult/93ec7027848f6b8a","status":"broken","statusDetails":"Failed to create folder '/1711641285986_2216_26'","time":{"start":1711641286100,"stop":1711641286102,"duration":2}}]},"tags":[]},"source":"b5f5f8fcc004bdc7.json","parameterValues":["chrome"]}